2025-04-08 15:00:30,977 INFO o.a.j.u.JMeterUtils: Setting Locale to en_EN
2025-04-08 15:00:31,005 INFO o.a.j.JMeter: Copyright (c) 1998-2022 The Apache Software Foundation
2025-04-08 15:00:31,005 INFO o.a.j.JMeter: Version 5.5
2025-04-08 15:00:31,005 INFO o.a.j.JMeter: java.version=11.0.16
2025-04-08 15:00:31,005 INFO o.a.j.JMeter: java.vm.name=OpenJDK 64-Bit Server VM
2025-04-08 15:00:31,005 INFO o.a.j.JMeter: os.name=Linux
2025-04-08 15:00:31,005 INFO o.a.j.JMeter: os.arch=amd64
2025-04-08 15:00:31,005 INFO o.a.j.JMeter: os.version=5.15.153.1-microsoft-standard-WSL2
2025-04-08 15:00:31,005 INFO o.a.j.JMeter: file.encoding=UTF-8
2025-04-08 15:00:31,005 INFO o.a.j.JMeter: java.awt.headless=true
2025-04-08 15:00:31,005 INFO o.a.j.JMeter: Max memory     =1073741824
2025-04-08 15:00:31,005 INFO o.a.j.JMeter: Available Processors =2
2025-04-08 15:00:31,012 INFO o.a.j.JMeter: Default Locale=English (EN)
2025-04-08 15:00:31,013 INFO o.a.j.JMeter: JMeter  Locale=English (EN)
2025-04-08 15:00:31,013 INFO o.a.j.JMeter: JMeterHome=/opt/apache-jmeter-5.5
2025-04-08 15:00:31,013 INFO o.a.j.JMeter: user.dir  =/jmeter
2025-04-08 15:00:31,013 INFO o.a.j.JMeter: PWD       =/jmeter
2025-04-08 15:00:31,013 INFO o.a.j.JMeter: IP: 10.244.0.59 Name: jmeter-test-lrndn FullName: jmeter-test-lrndn
2025-04-08 15:00:31,015 INFO o.a.j.JMeter: Setting property 'jmeter.reportgenerator.outputdir' to:'/jmeter/results/dashboard'
2025-04-08 15:00:31,018 INFO o.a.j.s.FileServer: Default base='/jmeter'
2025-04-08 15:00:31,018 INFO o.a.j.s.FileServer: Set new base='/jmeter/scripts'
2025-04-08 15:00:31,129 INFO o.a.j.s.SaveService: Testplan (JMX) version: 2.2. Testlog (JTL) version: 2.2
2025-04-08 15:00:31,146 INFO o.a.j.s.SaveService: Using SaveService properties version 5.0
2025-04-08 15:00:31,148 INFO o.a.j.s.SaveService: Using SaveService properties file encoding UTF-8
2025-04-08 15:00:31,149 INFO o.a.j.s.SaveService: Loading file: /jmeter/scripts/jmeter.jmx
2025-04-08 15:00:31,197 INFO o.a.j.r.d.ReportGenerator: ReportGenerator will use for Parsing the separator: ','
2025-04-08 15:00:31,197 INFO o.a.j.r.d.ReportGenerator: Will generate report at end of test from  results file: /jmeter/results/results.jtl
2025-04-08 15:00:31,197 INFO o.a.j.r.d.ReportGenerator: Reading report generator properties from: /opt/apache-jmeter-5.5/bin/reportgenerator.properties
2025-04-08 15:00:31,197 INFO o.a.j.r.d.ReportGenerator: Merging with JMeter properties
2025-04-08 15:00:31,200 INFO o.a.j.r.c.ReportGeneratorConfiguration: Property 'jmeter.reportgenerator.temp_dir' not found, using default value 'temp' instead.
2025-04-08 15:00:31,200 INFO o.a.j.r.c.ReportGeneratorConfiguration: Property 'jmeter.reportgenerator.apdex_satisfied_threshold' not found, using default value '500' instead.
2025-04-08 15:00:31,200 INFO o.a.j.r.c.ReportGeneratorConfiguration: Property 'jmeter.reportgenerator.apdex_tolerated_threshold' not found, using default value '1500' instead.
2025-04-08 15:00:31,200 INFO o.a.j.r.c.ReportGeneratorConfiguration: Property 'jmeter.reportgenerator.apdex_per_transaction' not found, using default value 'null' instead.
2025-04-08 15:00:31,200 INFO o.a.j.r.c.ReportGeneratorConfiguration: apdex_per_transaction is empty, not APDEX per transaction customization
2025-04-08 15:00:31,201 INFO o.a.j.r.c.ReportGeneratorConfiguration: Property 'jmeter.reportgenerator.sample_filter' not found, using default value 'null' instead.
2025-04-08 15:00:31,202 INFO o.a.j.r.c.ReportGeneratorConfiguration: Property 'jmeter.reportgenerator.report_title' not found, using default value 'null' instead.
2025-04-08 15:00:31,202 INFO o.a.j.r.c.ReportGeneratorConfiguration: Property 'jmeter.reportgenerator.start_date' not found, using default value 'null' instead.
2025-04-08 15:00:31,202 INFO o.a.j.r.c.ReportGeneratorConfiguration: Property 'jmeter.reportgenerator.end_date' not found, using default value 'null' instead.
2025-04-08 15:00:31,202 INFO o.a.j.r.c.ReportGeneratorConfiguration: Property 'jmeter.reportgenerator.date_format' not found, using default value 'null' instead.
2025-04-08 15:00:31,202 INFO o.a.j.r.c.ReportGeneratorConfiguration: Will use date range start date: null, end date: null
2025-04-08 15:00:31,205 INFO o.a.j.r.c.ReportGeneratorConfiguration: Property 'jmeter.reportgenerator.graph.totalTPS.exclude_controllers' not found, using default value 'false' instead.
2025-04-08 15:00:31,205 INFO o.a.j.r.c.ReportGeneratorConfiguration: Property 'jmeter.reportgenerator.graph.activeThreadsOverTime.exclude_controllers' not found, using default value 'false' instead.
2025-04-08 15:00:31,205 INFO o.a.j.r.c.ReportGeneratorConfiguration: Property 'jmeter.reportgenerator.graph.timeVsThreads.exclude_controllers' not found, using default value 'false' instead.
2025-04-08 15:00:31,205 INFO o.a.j.r.c.ReportGeneratorConfiguration: Property 'jmeter.reportgenerator.graph.responseTimeDistribution.exclude_controllers' not found, using default value 'false' instead.
2025-04-08 15:00:31,205 INFO o.a.j.r.c.ReportGeneratorConfiguration: Property 'jmeter.reportgenerator.graph.transactionsPerSecond.exclude_controllers' not found, using default value 'false' instead.
2025-04-08 15:00:31,205 INFO o.a.j.r.c.ReportGeneratorConfiguration: Property 'jmeter.reportgenerator.graph.responseTimePercentiles.exclude_controllers' not found, using default value 'false' instead.
2025-04-08 15:00:31,205 INFO o.a.j.r.c.ReportGeneratorConfiguration: Property 'jmeter.reportgenerator.graph.responseTimePercentilesOverTime.exclude_controllers' not found, using default value 'false' instead.
2025-04-08 15:00:31,205 INFO o.a.j.r.c.ReportGeneratorConfiguration: Property 'jmeter.reportgenerator.graph.responseTimesOverTime.exclude_controllers' not found, using default value 'false' instead.
2025-04-08 15:00:31,205 INFO o.a.j.r.c.ReportGeneratorConfiguration: Property 'jmeter.reportgenerator.graph.connectTimeOverTime.exclude_controllers' not found, using default value 'false' instead.
2025-04-08 15:00:31,205 INFO o.a.j.r.c.ReportGeneratorConfiguration: Property 'jmeter.reportgenerator.graph.latenciesOverTime.exclude_controllers' not found, using default value 'false' instead.
2025-04-08 15:00:31,206 INFO o.a.j.r.c.ReportGeneratorConfiguration: Property 'jmeter.reportgenerator.exporter.json.filters_only_sample_series' not found, using default value 'true' instead.
2025-04-08 15:00:31,206 INFO o.a.j.r.c.ReportGeneratorConfiguration: Property 'jmeter.reportgenerator.exporter.json.series_filter' not found, using default value '' instead.
2025-04-08 15:00:31,206 INFO o.a.j.r.c.ReportGeneratorConfiguration: Property 'jmeter.reportgenerator.exporter.json.show_controllers_only' not found, using default value 'false' instead.
2025-04-08 15:00:31,206 INFO o.a.j.r.c.ReportGeneratorConfiguration: Property 'jmeter.reportgenerator.exporter.html.filters_only_sample_series' not found, using default value 'true' instead.
2025-04-08 15:00:31,206 INFO o.a.j.r.c.ReportGeneratorConfiguration: Property 'jmeter.reportgenerator.exporter.html.series_filter' not found, using default value '' instead.
2025-04-08 15:00:31,206 INFO o.a.j.r.c.ReportGeneratorConfiguration: Property 'jmeter.reportgenerator.exporter.html.show_controllers_only' not found, using default value 'false' instead.
2025-04-08 15:00:31,213 INFO o.a.j.e.StandardJMeterEngine: Running the test!
2025-04-08 15:00:31,213 INFO o.a.j.s.SampleEvent: List of sample_variables: []
2025-04-08 15:00:31,213 INFO o.a.j.s.SampleEvent: List of sample_variables: []
2025-04-08 15:00:31,691 INFO o.a.j.JMeter: Running test (1744124431691)
2025-04-08 15:00:31,701 INFO o.a.j.e.StandardJMeterEngine: Starting ThreadGroup: 1 : Thread Group
2025-04-08 15:00:31,702 INFO o.a.j.e.StandardJMeterEngine: Starting 100 threads for group Thread Group.
2025-04-08 15:00:31,702 INFO o.a.j.e.StandardJMeterEngine: Thread will continue on error
2025-04-08 15:00:31,702 INFO o.a.j.t.ThreadGroup: Starting thread group... number=1 threads=100 ramp-up=10 delayedStart=false
2025-04-08 15:00:31,705 INFO o.a.j.t.JMeterThread: Thread started: Thread Group 1-1
2025-04-08 15:00:31,716 INFO o.a.j.p.h.s.HTTPHCAbstractImpl: Local host = jmeter-test-lrndn
2025-04-08 15:00:31,720 INFO o.a.j.p.h.s.HTTPHC4Impl: HTTP request retry count = 0
2025-04-08 15:00:31,721 INFO o.a.j.s.SampleResult: Note: Sample TimeStamps are END times
2025-04-08 15:00:31,721 INFO o.a.j.s.SampleResult: sampleresult.default.encoding is set to ISO-8859-1
2025-04-08 15:00:31,721 INFO o.a.j.s.SampleResult: sampleresult.useNanoTime=true
2025-04-08 15:00:31,721 INFO o.a.j.s.SampleResult: sampleresult.nanoThreadSleep=5000
2025-04-08 15:00:31,734 INFO o.a.j.t.ThreadGroup: Started thread group number 1
2025-04-08 15:00:31,734 INFO o.a.j.e.StandardJMeterEngine: All thread groups have been started
2025-04-08 15:00:31,804 INFO o.a.j.t.JMeterThread: Thread started: Thread Group 1-2
2025-04-08 15:00:31,904 INFO o.a.j.t.JMeterThread: Thread started: Thread Group 1-3
2025-04-08 15:00:32,004 INFO o.a.j.t.JMeterThread: Thread started: Thread Group 1-4
2025-04-08 15:00:32,105 INFO o.a.j.t.JMeterThread: Thread started: Thread Group 1-5
2025-04-08 15:00:31,629 INFO o.a.j.t.JMeterThread: Thread is done: Thread Group 1-1
2025-04-08 15:00:31,629 INFO o.a.j.t.JMeterThread: Thread finished: Thread Group 1-1
2025-04-08 15:00:30,877 INFO o.a.j.t.JMeterThread: Thread is done: Thread Group 1-2
2025-04-08 15:00:30,877 INFO o.a.j.t.JMeterThread: Thread finished: Thread Group 1-2
2025-04-08 15:00:30,917 INFO o.a.j.t.JMeterThread: Thread is done: Thread Group 1-3
2025-04-08 15:00:30,917 INFO o.a.j.t.JMeterThread: Thread finished: Thread Group 1-3
2025-04-08 15:00:31,017 INFO o.a.j.t.JMeterThread: Thread is done: Thread Group 1-4
2025-04-08 15:00:31,017 INFO o.a.j.t.JMeterThread: Thread finished: Thread Group 1-4
2025-04-08 15:00:31,046 INFO o.a.j.t.JMeterThread: Thread is done: Thread Group 1-5
2025-04-08 15:00:31,046 INFO o.a.j.t.JMeterThread: Thread finished: Thread Group 1-5
2025-04-08 15:00:32,204 INFO o.a.j.t.JMeterThread: Thread started: Thread Group 1-6
2025-04-08 15:00:32,304 INFO o.a.j.t.JMeterThread: Thread started: Thread Group 1-7
2025-04-08 15:00:32,334 INFO o.a.j.t.JMeterThread: Thread is done: Thread Group 1-6
2025-04-08 15:00:32,334 INFO o.a.j.t.JMeterThread: Thread finished: Thread Group 1-6
2025-04-08 15:00:32,404 INFO o.a.j.t.JMeterThread: Thread started: Thread Group 1-8
2025-04-08 15:00:32,447 INFO o.a.j.t.JMeterThread: Thread is done: Thread Group 1-7
2025-04-08 15:00:32,447 INFO o.a.j.t.JMeterThread: Thread finished: Thread Group 1-7
2025-04-08 15:00:32,506 INFO o.a.j.t.JMeterThread: Thread started: Thread Group 1-9
2025-04-08 15:00:32,553 INFO o.a.j.t.JMeterThread: Thread is done: Thread Group 1-8
2025-04-08 15:00:32,553 INFO o.a.j.t.JMeterThread: Thread finished: Thread Group 1-8
2025-04-08 15:00:32,604 INFO o.a.j.t.JMeterThread: Thread started: Thread Group 1-10
2025-04-08 15:00:32,683 INFO o.a.j.t.JMeterThread: Thread is done: Thread Group 1-9
2025-04-08 15:00:32,683 INFO o.a.j.t.JMeterThread: Thread finished: Thread Group 1-9
2025-04-08 15:00:32,704 INFO o.a.j.t.JMeterThread: Thread started: Thread Group 1-11
2025-04-08 15:00:32,776 INFO o.a.j.t.JMeterThread: Thread is done: Thread Group 1-10
2025-04-08 15:00:32,776 INFO o.a.j.t.JMeterThread: Thread finished: Thread Group 1-10
2025-04-08 15:00:32,802 INFO o.a.j.t.JMeterThread: Thread started: Thread Group 1-12
2025-04-08 15:00:32,855 INFO o.a.j.t.JMeterThread: Thread is done: Thread Group 1-11
2025-04-08 15:00:32,855 INFO o.a.j.t.JMeterThread: Thread finished: Thread Group 1-11
2025-04-08 15:00:32,903 INFO o.a.j.t.JMeterThread: Thread started: Thread Group 1-13
2025-04-08 15:00:32,942 INFO o.a.j.t.JMeterThread: Thread is done: Thread Group 1-12
2025-04-08 15:00:32,942 INFO o.a.j.t.JMeterThread: Thread finished: Thread Group 1-12
2025-04-08 15:00:33,003 INFO o.a.j.t.JMeterThread: Thread started: Thread Group 1-14
2025-04-08 15:00:33,051 INFO o.a.j.t.JMeterThread: Thread is done: Thread Group 1-13
2025-04-08 15:00:33,052 INFO o.a.j.t.JMeterThread: Thread finished: Thread Group 1-13
2025-04-08 15:00:33,104 INFO o.a.j.t.JMeterThread: Thread started: Thread Group 1-15
2025-04-08 15:00:33,145 INFO o.a.j.t.JMeterThread: Thread is done: Thread Group 1-14
2025-04-08 15:00:33,146 INFO o.a.j.t.JMeterThread: Thread finished: Thread Group 1-14
2025-04-08 15:00:33,203 INFO o.a.j.t.JMeterThread: Thread started: Thread Group 1-16
2025-04-08 15:00:33,260 INFO o.a.j.t.JMeterThread: Thread is done: Thread Group 1-15
2025-04-08 15:00:33,260 INFO o.a.j.t.JMeterThread: Thread finished: Thread Group 1-15
2025-04-08 15:00:33,302 INFO o.a.j.t.JMeterThread: Thread started: Thread Group 1-17
2025-04-08 15:00:33,344 INFO o.a.j.t.JMeterThread: Thread is done: Thread Group 1-16
2025-04-08 15:00:33,344 INFO o.a.j.t.JMeterThread: Thread finished: Thread Group 1-16
2025-04-08 15:00:33,402 INFO o.a.j.t.JMeterThread: Thread started: Thread Group 1-18
2025-04-08 15:00:33,423 INFO o.a.j.t.JMeterThread: Thread is done: Thread Group 1-17
2025-04-08 15:00:33,423 INFO o.a.j.t.JMeterThread: Thread finished: Thread Group 1-17
2025-04-08 15:00:33,504 INFO o.a.j.t.JMeterThread: Thread started: Thread Group 1-19
2025-04-08 15:00:33,538 INFO o.a.j.t.JMeterThread: Thread is done: Thread Group 1-18
2025-04-08 15:00:33,538 INFO o.a.j.t.JMeterThread: Thread finished: Thread Group 1-18
2025-04-08 15:00:33,603 INFO o.a.j.t.JMeterThread: Thread started: Thread Group 1-20
2025-04-08 15:00:33,676 INFO o.a.j.t.JMeterThread: Thread is done: Thread Group 1-19
2025-04-08 15:00:33,676 INFO o.a.j.t.JMeterThread: Thread finished: Thread Group 1-19
2025-04-08 15:00:33,703 INFO o.a.j.t.JMeterThread: Thread started: Thread Group 1-21
2025-04-08 15:00:33,744 INFO o.a.j.t.JMeterThread: Thread is done: Thread Group 1-20
2025-04-08 15:00:33,744 INFO o.a.j.t.JMeterThread: Thread finished: Thread Group 1-20
2025-04-08 15:00:33,803 INFO o.a.j.t.JMeterThread: Thread started: Thread Group 1-22
2025-04-08 15:00:33,822 INFO o.a.j.t.JMeterThread: Thread is done: Thread Group 1-21
2025-04-08 15:00:33,822 INFO o.a.j.t.JMeterThread: Thread finished: Thread Group 1-21
2025-04-08 15:00:33,903 INFO o.a.j.t.JMeterThread: Thread started: Thread Group 1-23
2025-04-08 15:00:33,907 INFO o.a.j.t.JMeterThread: Thread is done: Thread Group 1-22
2025-04-08 15:00:33,907 INFO o.a.j.t.JMeterThread: Thread finished: Thread Group 1-22
2025-04-08 15:00:34,004 INFO o.a.j.t.JMeterThread: Thread is done: Thread Group 1-23
2025-04-08 15:00:34,004 INFO o.a.j.t.JMeterThread: Thread started: Thread Group 1-24
2025-04-08 15:00:34,004 INFO o.a.j.t.JMeterThread: Thread finished: Thread Group 1-23
2025-04-08 15:00:34,102 INFO o.a.j.t.JMeterThread: Thread started: Thread Group 1-25
2025-04-08 15:00:34,105 INFO o.a.j.t.JMeterThread: Thread is done: Thread Group 1-24
2025-04-08 15:00:34,105 INFO o.a.j.t.JMeterThread: Thread finished: Thread Group 1-24
2025-04-08 15:00:34,202 INFO o.a.j.t.JMeterThread: Thread started: Thread Group 1-26
2025-04-08 15:00:34,203 INFO o.a.j.t.JMeterThread: Thread is done: Thread Group 1-25
2025-04-08 15:00:34,203 INFO o.a.j.t.JMeterThread: Thread finished: Thread Group 1-25
2025-04-08 15:00:34,303 INFO o.a.j.t.JMeterThread: Thread started: Thread Group 1-27
2025-04-08 15:00:34,305 INFO o.a.j.t.JMeterThread: Thread is done: Thread Group 1-26
2025-04-08 15:00:34,305 INFO o.a.j.t.JMeterThread: Thread finished: Thread Group 1-26
2025-04-08 15:00:34,403 INFO o.a.j.t.JMeterThread: Thread is done: Thread Group 1-27
2025-04-08 15:00:34,403 INFO o.a.j.t.JMeterThread: Thread finished: Thread Group 1-27
2025-04-08 15:00:34,404 INFO o.a.j.t.JMeterThread: Thread started: Thread Group 1-28
2025-04-08 15:00:34,502 INFO o.a.j.t.JMeterThread: Thread started: Thread Group 1-29
2025-04-08 15:00:34,504 INFO o.a.j.t.JMeterThread: Thread is done: Thread Group 1-28
2025-04-08 15:00:34,504 INFO o.a.j.t.JMeterThread: Thread finished: Thread Group 1-28
2025-04-08 15:00:34,603 INFO o.a.j.t.JMeterThread: Thread started: Thread Group 1-30
2025-04-08 15:00:34,603 INFO o.a.j.t.JMeterThread: Thread is done: Thread Group 1-29
2025-04-08 15:00:34,603 INFO o.a.j.t.JMeterThread: Thread finished: Thread Group 1-29
2025-04-08 15:00:34,702 INFO o.a.j.t.JMeterThread: Thread started: Thread Group 1-31
2025-04-08 15:00:34,706 INFO o.a.j.t.JMeterThread: Thread is done: Thread Group 1-30
2025-04-08 15:00:34,706 INFO o.a.j.t.JMeterThread: Thread finished: Thread Group 1-30
2025-04-08 15:00:34,798 INFO o.a.j.t.JMeterThread: Thread is done: Thread Group 1-31
2025-04-08 15:00:34,798 INFO o.a.j.t.JMeterThread: Thread finished: Thread Group 1-31
2025-04-08 15:00:34,802 INFO o.a.j.t.JMeterThread: Thread started: Thread Group 1-32
2025-04-08 15:00:34,898 INFO o.a.j.t.JMeterThread: Thread is done: Thread Group 1-32
2025-04-08 15:00:34,898 INFO o.a.j.t.JMeterThread: Thread finished: Thread Group 1-32
2025-04-08 15:00:34,903 INFO o.a.j.t.JMeterThread: Thread started: Thread Group 1-33
2025-04-08 15:00:35,000 INFO o.a.j.t.JMeterThread: Thread is done: Thread Group 1-33
2025-04-08 15:00:35,000 INFO o.a.j.t.JMeterThread: Thread finished: Thread Group 1-33
2025-04-08 15:00:35,002 INFO o.a.j.t.JMeterThread: Thread started: Thread Group 1-34
2025-04-08 15:00:35,099 INFO o.a.j.t.JMeterThread: Thread is done: Thread Group 1-34
2025-04-08 15:00:35,099 INFO o.a.j.t.JMeterThread: Thread finished: Thread Group 1-34
2025-04-08 15:00:35,102 INFO o.a.j.t.JMeterThread: Thread started: Thread Group 1-35
2025-04-08 15:00:35,202 INFO o.a.j.t.JMeterThread: Thread is done: Thread Group 1-35
2025-04-08 15:00:35,202 INFO o.a.j.t.JMeterThread: Thread finished: Thread Group 1-35
2025-04-08 15:00:35,214 INFO o.a.j.t.JMeterThread: Thread started: Thread Group 1-36
2025-04-08 15:00:35,304 INFO o.a.j.t.JMeterThread: Thread started: Thread Group 1-37
2025-04-08 15:00:35,312 INFO o.a.j.t.JMeterThread: Thread is done: Thread Group 1-36
2025-04-08 15:00:35,312 INFO o.a.j.t.JMeterThread: Thread finished: Thread Group 1-36
2025-04-08 15:00:35,401 INFO o.a.j.t.JMeterThread: Thread is done: Thread Group 1-37
2025-04-08 15:00:35,401 INFO o.a.j.t.JMeterThread: Thread finished: Thread Group 1-37
2025-04-08 15:00:35,403 INFO o.a.j.t.JMeterThread: Thread started: Thread Group 1-38
2025-04-08 15:00:35,502 INFO o.a.j.t.JMeterThread: Thread is done: Thread Group 1-38
2025-04-08 15:00:35,502 INFO o.a.j.t.JMeterThread: Thread finished: Thread Group 1-38
2025-04-08 15:00:35,502 INFO o.a.j.t.JMeterThread: Thread started: Thread Group 1-39
2025-04-08 15:00:35,599 INFO o.a.j.t.JMeterThread: Thread is done: Thread Group 1-39
2025-04-08 15:00:35,599 INFO o.a.j.t.JMeterThread: Thread finished: Thread Group 1-39
2025-04-08 15:00:35,602 INFO o.a.j.t.JMeterThread: Thread started: Thread Group 1-40
2025-04-08 15:00:35,699 INFO o.a.j.t.JMeterThread: Thread is done: Thread Group 1-40
2025-04-08 15:00:35,699 INFO o.a.j.t.JMeterThread: Thread finished: Thread Group 1-40
2025-04-08 15:00:35,702 INFO o.a.j.t.JMeterThread: Thread started: Thread Group 1-41
2025-04-08 15:00:35,799 INFO o.a.j.t.JMeterThread: Thread is done: Thread Group 1-41
2025-04-08 15:00:35,799 INFO o.a.j.t.JMeterThread: Thread finished: Thread Group 1-41
2025-04-08 15:00:35,802 INFO o.a.j.t.JMeterThread: Thread started: Thread Group 1-42
2025-04-08 15:00:35,898 INFO o.a.j.t.JMeterThread: Thread is done: Thread Group 1-42
2025-04-08 15:00:35,898 INFO o.a.j.t.JMeterThread: Thread finished: Thread Group 1-42
2025-04-08 15:00:35,904 INFO o.a.j.t.JMeterThread: Thread started: Thread Group 1-43
2025-04-08 15:00:36,002 INFO o.a.j.t.JMeterThread: Thread started: Thread Group 1-44
2025-04-08 15:00:36,006 INFO o.a.j.t.JMeterThread: Thread is done: Thread Group 1-43
2025-04-08 15:00:36,006 INFO o.a.j.t.JMeterThread: Thread finished: Thread Group 1-43
2025-04-08 15:00:36,102 INFO o.a.j.t.JMeterThread: Thread is done: Thread Group 1-44
2025-04-08 15:00:36,102 INFO o.a.j.t.JMeterThread: Thread finished: Thread Group 1-44
2025-04-08 15:00:36,102 INFO o.a.j.t.JMeterThread: Thread started: Thread Group 1-45
2025-04-08 15:00:36,200 INFO o.a.j.t.JMeterThread: Thread is done: Thread Group 1-45
2025-04-08 15:00:36,200 INFO o.a.j.t.JMeterThread: Thread finished: Thread Group 1-45
2025-04-08 15:00:36,202 INFO o.a.j.t.JMeterThread: Thread started: Thread Group 1-46
2025-04-08 15:00:36,298 INFO o.a.j.t.JMeterThread: Thread is done: Thread Group 1-46
2025-04-08 15:00:36,298 INFO o.a.j.t.JMeterThread: Thread finished: Thread Group 1-46
2025-04-08 15:00:36,304 INFO o.a.j.t.JMeterThread: Thread started: Thread Group 1-47
2025-04-08 15:00:36,398 INFO o.a.j.t.JMeterThread: Thread is done: Thread Group 1-47
2025-04-08 15:00:36,399 INFO o.a.j.t.JMeterThread: Thread finished: Thread Group 1-47
2025-04-08 15:00:36,403 INFO o.a.j.t.JMeterThread: Thread started: Thread Group 1-48
2025-04-08 15:00:36,499 INFO o.a.j.t.JMeterThread: Thread is done: Thread Group 1-48
2025-04-08 15:00:36,499 INFO o.a.j.t.JMeterThread: Thread finished: Thread Group 1-48
2025-04-08 15:00:36,505 INFO o.a.j.t.JMeterThread: Thread started: Thread Group 1-49
2025-04-08 15:00:36,603 INFO o.a.j.t.JMeterThread: Thread started: Thread Group 1-50
2025-04-08 15:00:36,604 INFO o.a.j.t.JMeterThread: Thread is done: Thread Group 1-49
2025-04-08 15:00:36,604 INFO o.a.j.t.JMeterThread: Thread finished: Thread Group 1-49
2025-04-08 15:00:36,701 INFO o.a.j.t.JMeterThread: Thread is done: Thread Group 1-50
2025-04-08 15:00:36,701 INFO o.a.j.t.JMeterThread: Thread finished: Thread Group 1-50
2025-04-08 15:00:36,703 INFO o.a.j.t.JMeterThread: Thread started: Thread Group 1-51
2025-04-08 15:00:36,798 INFO o.a.j.t.JMeterThread: Thread is done: Thread Group 1-51
2025-04-08 15:00:36,798 INFO o.a.j.t.JMeterThread: Thread finished: Thread Group 1-51
2025-04-08 15:00:36,804 INFO o.a.j.t.JMeterThread: Thread started: Thread Group 1-52
2025-04-08 15:00:36,901 INFO o.a.j.t.JMeterThread: Thread is done: Thread Group 1-52
2025-04-08 15:00:36,901 INFO o.a.j.t.JMeterThread: Thread finished: Thread Group 1-52
2025-04-08 15:00:36,902 INFO o.a.j.t.JMeterThread: Thread started: Thread Group 1-53
2025-04-08 15:00:37,001 INFO o.a.j.t.JMeterThread: Thread is done: Thread Group 1-53
2025-04-08 15:00:37,001 INFO o.a.j.t.JMeterThread: Thread finished: Thread Group 1-53
2025-04-08 15:00:37,002 INFO o.a.j.t.JMeterThread: Thread started: Thread Group 1-54
2025-04-08 15:00:37,100 INFO o.a.j.t.JMeterThread: Thread is done: Thread Group 1-54
2025-04-08 15:00:37,100 INFO o.a.j.t.JMeterThread: Thread finished: Thread Group 1-54
2025-04-08 15:00:37,103 INFO o.a.j.t.JMeterThread: Thread started: Thread Group 1-55
2025-04-08 15:00:37,199 INFO o.a.j.t.JMeterThread: Thread is done: Thread Group 1-55
2025-04-08 15:00:37,199 INFO o.a.j.t.JMeterThread: Thread finished: Thread Group 1-55
2025-04-08 15:00:37,203 INFO o.a.j.t.JMeterThread: Thread started: Thread Group 1-56
2025-04-08 15:00:37,303 INFO o.a.j.t.JMeterThread: Thread started: Thread Group 1-57
2025-04-08 15:00:37,307 INFO o.a.j.t.JMeterThread: Thread is done: Thread Group 1-56
2025-04-08 15:00:37,308 INFO o.a.j.t.JMeterThread: Thread finished: Thread Group 1-56
2025-04-08 15:00:37,402 INFO o.a.j.t.JMeterThread: Thread started: Thread Group 1-58
2025-04-08 15:00:37,403 INFO o.a.j.t.JMeterThread: Thread is done: Thread Group 1-57
2025-04-08 15:00:37,403 INFO o.a.j.t.JMeterThread: Thread finished: Thread Group 1-57
2025-04-08 15:00:37,498 INFO o.a.j.t.JMeterThread: Thread is done: Thread Group 1-58
2025-04-08 15:00:37,498 INFO o.a.j.t.JMeterThread: Thread finished: Thread Group 1-58
2025-04-08 15:00:37,503 INFO o.a.j.t.JMeterThread: Thread started: Thread Group 1-59
2025-04-08 15:00:37,601 INFO o.a.j.t.JMeterThread: Thread is done: Thread Group 1-59
2025-04-08 15:00:37,601 INFO o.a.j.t.JMeterThread: Thread finished: Thread Group 1-59
2025-04-08 15:00:37,602 INFO o.a.j.t.JMeterThread: Thread started: Thread Group 1-60
2025-04-08 15:00:37,695 INFO o.a.j.t.JMeterThread: Thread is done: Thread Group 1-60
2025-04-08 15:00:37,696 INFO o.a.j.t.JMeterThread: Thread finished: Thread Group 1-60
2025-04-08 15:00:37,703 INFO o.a.j.t.JMeterThread: Thread started: Thread Group 1-61
2025-04-08 15:00:37,797 INFO o.a.j.t.JMeterThread: Thread is done: Thread Group 1-61
2025-04-08 15:00:37,797 INFO o.a.j.t.JMeterThread: Thread finished: Thread Group 1-61
2025-04-08 15:00:37,803 INFO o.a.j.t.JMeterThread: Thread started: Thread Group 1-62
2025-04-08 15:00:37,898 INFO o.a.j.t.JMeterThread: Thread is done: Thread Group 1-62
2025-04-08 15:00:37,898 INFO o.a.j.t.JMeterThread: Thread finished: Thread Group 1-62
2025-04-08 15:00:37,902 INFO o.a.j.t.JMeterThread: Thread started: Thread Group 1-63
2025-04-08 15:00:37,998 INFO o.a.j.t.JMeterThread: Thread is done: Thread Group 1-63
2025-04-08 15:00:37,998 INFO o.a.j.t.JMeterThread: Thread finished: Thread Group 1-63
2025-04-08 15:00:38,003 INFO o.a.j.t.JMeterThread: Thread started: Thread Group 1-64
2025-04-08 15:00:38,100 INFO o.a.j.t.JMeterThread: Thread is done: Thread Group 1-64
2025-04-08 15:00:38,100 INFO o.a.j.t.JMeterThread: Thread finished: Thread Group 1-64
2025-04-08 15:00:38,103 INFO o.a.j.t.JMeterThread: Thread started: Thread Group 1-65
2025-04-08 15:00:38,197 INFO o.a.j.t.JMeterThread: Thread is done: Thread Group 1-65
2025-04-08 15:00:38,197 INFO o.a.j.t.JMeterThread: Thread finished: Thread Group 1-65
2025-04-08 15:00:38,203 INFO o.a.j.t.JMeterThread: Thread started: Thread Group 1-66
2025-04-08 15:00:38,296 INFO o.a.j.t.JMeterThread: Thread is done: Thread Group 1-66
2025-04-08 15:00:38,296 INFO o.a.j.t.JMeterThread: Thread finished: Thread Group 1-66
2025-04-08 15:00:38,303 INFO o.a.j.t.JMeterThread: Thread started: Thread Group 1-67
2025-04-08 15:00:38,401 INFO o.a.j.t.JMeterThread: Thread is done: Thread Group 1-67
2025-04-08 15:00:38,401 INFO o.a.j.t.JMeterThread: Thread finished: Thread Group 1-67
2025-04-08 15:00:38,402 INFO o.a.j.t.JMeterThread: Thread started: Thread Group 1-68
2025-04-08 15:00:38,498 INFO o.a.j.t.JMeterThread: Thread is done: Thread Group 1-68
2025-04-08 15:00:38,498 INFO o.a.j.t.JMeterThread: Thread finished: Thread Group 1-68
2025-04-08 15:00:38,503 INFO o.a.j.t.JMeterThread: Thread started: Thread Group 1-69
2025-04-08 15:00:38,599 INFO o.a.j.t.JMeterThread: Thread is done: Thread Group 1-69
2025-04-08 15:00:38,600 INFO o.a.j.t.JMeterThread: Thread finished: Thread Group 1-69
2025-04-08 15:00:38,603 INFO o.a.j.t.JMeterThread: Thread started: Thread Group 1-70
2025-04-08 15:00:38,700 INFO o.a.j.t.JMeterThread: Thread is done: Thread Group 1-70
2025-04-08 15:00:38,700 INFO o.a.j.t.JMeterThread: Thread finished: Thread Group 1-70
2025-04-08 15:00:38,702 INFO o.a.j.t.JMeterThread: Thread started: Thread Group 1-71
2025-04-08 15:00:38,797 INFO o.a.j.t.JMeterThread: Thread is done: Thread Group 1-71
2025-04-08 15:00:38,798 INFO o.a.j.t.JMeterThread: Thread finished: Thread Group 1-71
2025-04-08 15:00:38,804 INFO o.a.j.t.JMeterThread: Thread started: Thread Group 1-72
2025-04-08 15:00:38,900 INFO o.a.j.t.JMeterThread: Thread is done: Thread Group 1-72
2025-04-08 15:00:38,901 INFO o.a.j.t.JMeterThread: Thread finished: Thread Group 1-72
2025-04-08 15:00:38,903 INFO o.a.j.t.JMeterThread: Thread started: Thread Group 1-73
2025-04-08 15:00:38,998 INFO o.a.j.t.JMeterThread: Thread is done: Thread Group 1-73
2025-04-08 15:00:38,998 INFO o.a.j.t.JMeterThread: Thread finished: Thread Group 1-73
2025-04-08 15:00:39,002 INFO o.a.j.t.JMeterThread: Thread started: Thread Group 1-74
2025-04-08 15:00:39,099 INFO o.a.j.t.JMeterThread: Thread is done: Thread Group 1-74
2025-04-08 15:00:39,099 INFO o.a.j.t.JMeterThread: Thread finished: Thread Group 1-74
2025-04-08 15:00:39,103 INFO o.a.j.t.JMeterThread: Thread started: Thread Group 1-75
2025-04-08 15:00:39,201 INFO o.a.j.t.JMeterThread: Thread is done: Thread Group 1-75
2025-04-08 15:00:39,201 INFO o.a.j.t.JMeterThread: Thread finished: Thread Group 1-75
2025-04-08 15:00:39,203 INFO o.a.j.t.JMeterThread: Thread started: Thread Group 1-76
2025-04-08 15:00:39,301 INFO o.a.j.t.JMeterThread: Thread is done: Thread Group 1-76
2025-04-08 15:00:39,301 INFO o.a.j.t.JMeterThread: Thread finished: Thread Group 1-76
2025-04-08 15:00:39,303 INFO o.a.j.t.JMeterThread: Thread started: Thread Group 1-77
2025-04-08 15:00:39,400 INFO o.a.j.t.JMeterThread: Thread is done: Thread Group 1-77
2025-04-08 15:00:39,400 INFO o.a.j.t.JMeterThread: Thread finished: Thread Group 1-77
2025-04-08 15:00:39,402 INFO o.a.j.t.JMeterThread: Thread started: Thread Group 1-78
2025-04-08 15:00:39,502 INFO o.a.j.t.JMeterThread: Thread started: Thread Group 1-79
2025-04-08 15:00:39,511 INFO o.a.j.t.JMeterThread: Thread is done: Thread Group 1-78
2025-04-08 15:00:39,511 INFO o.a.j.t.JMeterThread: Thread finished: Thread Group 1-78
2025-04-08 15:00:39,602 INFO o.a.j.t.JMeterThread: Thread started: Thread Group 1-80
2025-04-08 15:00:39,622 INFO o.a.j.t.JMeterThread: Thread is done: Thread Group 1-79
2025-04-08 15:00:39,622 INFO o.a.j.t.JMeterThread: Thread finished: Thread Group 1-79
2025-04-08 15:00:39,704 INFO o.a.j.t.JMeterThread: Thread started: Thread Group 1-81
2025-04-08 15:00:39,728 INFO o.a.j.t.JMeterThread: Thread is done: Thread Group 1-80
2025-04-08 15:00:39,728 INFO o.a.j.t.JMeterThread: Thread finished: Thread Group 1-80
2025-04-08 15:00:39,803 INFO o.a.j.t.JMeterThread: Thread started: Thread Group 1-82
2025-04-08 15:00:39,833 INFO o.a.j.t.JMeterThread: Thread is done: Thread Group 1-81
2025-04-08 15:00:39,833 INFO o.a.j.t.JMeterThread: Thread finished: Thread Group 1-81
2025-04-08 15:00:39,903 INFO o.a.j.t.JMeterThread: Thread started: Thread Group 1-83
2025-04-08 15:00:39,906 INFO o.a.j.t.JMeterThread: Thread is done: Thread Group 1-82
2025-04-08 15:00:39,906 INFO o.a.j.t.JMeterThread: Thread finished: Thread Group 1-82
2025-04-08 15:00:39,998 INFO o.a.j.t.JMeterThread: Thread is done: Thread Group 1-83
2025-04-08 15:00:39,999 INFO o.a.j.t.JMeterThread: Thread finished: Thread Group 1-83
2025-04-08 15:00:40,003 INFO o.a.j.t.JMeterThread: Thread started: Thread Group 1-84
2025-04-08 15:00:40,097 INFO o.a.j.t.JMeterThread: Thread is done: Thread Group 1-84
2025-04-08 15:00:40,097 INFO o.a.j.t.JMeterThread: Thread finished: Thread Group 1-84
2025-04-08 15:00:40,103 INFO o.a.j.t.JMeterThread: Thread started: Thread Group 1-85
2025-04-08 15:00:40,197 INFO o.a.j.t.JMeterThread: Thread is done: Thread Group 1-85
2025-04-08 15:00:40,198 INFO o.a.j.t.JMeterThread: Thread finished: Thread Group 1-85
2025-04-08 15:00:40,203 INFO o.a.j.t.JMeterThread: Thread started: Thread Group 1-86
2025-04-08 15:00:40,299 INFO o.a.j.t.JMeterThread: Thread is done: Thread Group 1-86
2025-04-08 15:00:40,299 INFO o.a.j.t.JMeterThread: Thread finished: Thread Group 1-86
2025-04-08 15:00:40,302 INFO o.a.j.t.JMeterThread: Thread started: Thread Group 1-87
2025-04-08 15:00:40,397 INFO o.a.j.t.JMeterThread: Thread is done: Thread Group 1-87
2025-04-08 15:00:40,397 INFO o.a.j.t.JMeterThread: Thread finished: Thread Group 1-87
2025-04-08 15:00:40,403 INFO o.a.j.t.JMeterThread: Thread started: Thread Group 1-88
2025-04-08 15:00:40,499 INFO o.a.j.t.JMeterThread: Thread is done: Thread Group 1-88
2025-04-08 15:00:40,499 INFO o.a.j.t.JMeterThread: Thread finished: Thread Group 1-88
2025-04-08 15:00:40,503 INFO o.a.j.t.JMeterThread: Thread started: Thread Group 1-89
2025-04-08 15:00:40,603 INFO o.a.j.t.JMeterThread: Thread started: Thread Group 1-90
2025-04-08 15:00:40,616 INFO o.a.j.t.JMeterThread: Thread is done: Thread Group 1-89
2025-04-08 15:00:40,616 INFO o.a.j.t.JMeterThread: Thread finished: Thread Group 1-89
2025-04-08 15:00:40,703 INFO o.a.j.t.JMeterThread: Thread started: Thread Group 1-91
2025-04-08 15:00:40,704 INFO o.a.j.t.JMeterThread: Thread is done: Thread Group 1-90
2025-04-08 15:00:40,704 INFO o.a.j.t.JMeterThread: Thread finished: Thread Group 1-90
2025-04-08 15:00:40,797 INFO o.a.j.t.JMeterThread: Thread is done: Thread Group 1-91
2025-04-08 15:00:40,797 INFO o.a.j.t.JMeterThread: Thread finished: Thread Group 1-91
2025-04-08 15:00:40,803 INFO o.a.j.t.JMeterThread: Thread started: Thread Group 1-92
2025-04-08 15:00:40,899 INFO o.a.j.t.JMeterThread: Thread is done: Thread Group 1-92
2025-04-08 15:00:40,899 INFO o.a.j.t.JMeterThread: Thread finished: Thread Group 1-92
2025-04-08 15:00:40,902 INFO o.a.j.t.JMeterThread: Thread started: Thread Group 1-93
2025-04-08 15:00:40,998 INFO o.a.j.t.JMeterThread: Thread is done: Thread Group 1-93
2025-04-08 15:00:40,998 INFO o.a.j.t.JMeterThread: Thread finished: Thread Group 1-93
2025-04-08 15:00:41,002 INFO o.a.j.t.JMeterThread: Thread started: Thread Group 1-94
2025-04-08 15:00:41,094 INFO o.a.j.t.JMeterThread: Thread is done: Thread Group 1-94
2025-04-08 15:00:41,094 INFO o.a.j.t.JMeterThread: Thread finished: Thread Group 1-94
2025-04-08 15:00:41,103 INFO o.a.j.t.JMeterThread: Thread started: Thread Group 1-95
2025-04-08 15:00:41,198 INFO o.a.j.t.JMeterThread: Thread is done: Thread Group 1-95
2025-04-08 15:00:41,198 INFO o.a.j.t.JMeterThread: Thread finished: Thread Group 1-95
2025-04-08 15:00:41,203 INFO o.a.j.t.JMeterThread: Thread started: Thread Group 1-96
2025-04-08 15:00:41,297 INFO o.a.j.t.JMeterThread: Thread is done: Thread Group 1-96
2025-04-08 15:00:41,297 INFO o.a.j.t.JMeterThread: Thread finished: Thread Group 1-96
2025-04-08 15:00:41,304 INFO o.a.j.t.JMeterThread: Thread started: Thread Group 1-97
2025-04-08 15:00:41,399 INFO o.a.j.t.JMeterThread: Thread is done: Thread Group 1-97
2025-04-08 15:00:41,399 INFO o.a.j.t.JMeterThread: Thread finished: Thread Group 1-97
2025-04-08 15:00:41,403 INFO o.a.j.t.JMeterThread: Thread started: Thread Group 1-98
2025-04-08 15:00:41,503 INFO o.a.j.t.JMeterThread: Thread is done: Thread Group 1-98
2025-04-08 15:00:41,503 INFO o.a.j.t.JMeterThread: Thread finished: Thread Group 1-98
2025-04-08 15:00:41,504 INFO o.a.j.t.JMeterThread: Thread started: Thread Group 1-99
2025-04-08 15:00:41,603 INFO o.a.j.t.JMeterThread: Thread started: Thread Group 1-100
2025-04-08 15:00:41,614 INFO o.a.j.t.JMeterThread: Thread is done: Thread Group 1-99
2025-04-08 15:00:41,614 INFO o.a.j.t.JMeterThread: Thread finished: Thread Group 1-99
2025-04-08 15:00:41,705 INFO o.a.j.t.JMeterThread: Thread is done: Thread Group 1-100
2025-04-08 15:00:41,706 INFO o.a.j.t.JMeterThread: Thread finished: Thread Group 1-100
2025-04-08 15:00:41,706 INFO o.a.j.e.StandardJMeterEngine: Notifying test listeners of end of test
2025-04-08 15:00:41,706 INFO o.a.j.JMeter: Generating Dashboard
2025-04-08 15:00:41,706 INFO o.a.j.r.d.ReportGenerator: Flushing result collector before report Generation
2025-04-08 15:00:41,713 INFO o.a.j.r.p.NormalizerSampleConsumer: Using format, 'ms', to parse timeStamp field
2025-04-08 15:00:41,717 ERROR o.a.j.r.d.ReportGenerator: Cannot assign "${jmeter.reportgenerator.apdex_satisfied_threshold}" to property "set_satisfied_threshold" (mapped as "setSatisfiedThreshold"), skip it
org.apache.jmeter.report.core.ConvertException: Unable to convert "${jmeter.reportgenerator.apdex_satisfied_threshold}" to "java.lang.Long"
	at org.apache.jmeter.report.core.Converters.lambda$static$4(Converters.java:79) ~[ApacheJMeter_core.jar:5.5]
	at org.apache.jmeter.report.dashboard.ReportGenerator.setProperty(ReportGenerator.java:553) ~[ApacheJMeter_core.jar:5.5]
	at org.apache.jmeter.report.dashboard.ReportGenerator.addGraphConsumer(ReportGenerator.java:351) ~[ApacheJMeter_core.jar:5.5]
	at org.apache.jmeter.report.dashboard.ReportGenerator.generate(ReportGenerator.java:237) ~[ApacheJMeter_core.jar:5.5]
	at org.apache.jmeter.JMeter$ListenToTest.endTest(JMeter.java:1264) ~[ApacheJMeter_core.jar:5.5]
	at org.apache.jmeter.JMeter$ListenToTest.testEnded(JMeter.java:1219) ~[ApacheJMeter_core.jar:5.5]
	at org.apache.jmeter.engine.StandardJMeterEngine.notifyTestListenersOfEnd(StandardJMeterEngine.java:230) ~[ApacheJMeter_core.jar:5.5]
	at org.apache.jmeter.engine.StandardJMeterEngine.run(StandardJMeterEngine.java:507) ~[ApacheJMeter_core.jar:5.5]
	at java.lang.Thread.run(Thread.java:829) ~[?:?]
Caused by: java.lang.NumberFormatException: For input string: "${jmeter.reportgenerator.apdex_satisfied_threshold}"
	at java.lang.NumberFormatException.forInputString(NumberFormatException.java:65) ~[?:?]
	at java.lang.Long.parseLong(Long.java:678) ~[?:?]
	at java.lang.Long.valueOf(Long.java:1144) ~[?:?]
	at org.apache.jmeter.report.core.Converters.lambda$static$4(Converters.java:77) ~[ApacheJMeter_core.jar:5.5]
	... 8 more
2025-04-08 15:00:41,723 ERROR o.a.j.JMeter: Error generating the report: Cannot assign "${jmeter.reportgenerator.apdex_satisfied_threshold}" to property "set_satisfied_threshold" (mapped as "setSatisfiedThreshold"), skip it
org.apache.jmeter.report.dashboard.GenerationException: Cannot assign "${jmeter.reportgenerator.apdex_satisfied_threshold}" to property "set_satisfied_threshold" (mapped as "setSatisfiedThreshold"), skip it
	at org.apache.jmeter.report.dashboard.ReportGenerator.setProperty(ReportGenerator.java:566) ~[ApacheJMeter_core.jar:5.5]
	at org.apache.jmeter.report.dashboard.ReportGenerator.addGraphConsumer(ReportGenerator.java:351) ~[ApacheJMeter_core.jar:5.5]
	at org.apache.jmeter.report.dashboard.ReportGenerator.generate(ReportGenerator.java:237) ~[ApacheJMeter_core.jar:5.5]
	at org.apache.jmeter.JMeter$ListenToTest.endTest(JMeter.java:1264) ~[ApacheJMeter_core.jar:5.5]
	at org.apache.jmeter.JMeter$ListenToTest.testEnded(JMeter.java:1219) ~[ApacheJMeter_core.jar:5.5]
	at org.apache.jmeter.engine.StandardJMeterEngine.notifyTestListenersOfEnd(StandardJMeterEngine.java:230) ~[ApacheJMeter_core.jar:5.5]
	at org.apache.jmeter.engine.StandardJMeterEngine.run(StandardJMeterEngine.java:507) ~[ApacheJMeter_core.jar:5.5]
	at java.lang.Thread.run(Thread.java:829) ~[?:?]
Caused by: org.apache.jmeter.report.core.ConvertException: Unable to convert "${jmeter.reportgenerator.apdex_satisfied_threshold}" to "java.lang.Long"
	at org.apache.jmeter.report.core.Converters.lambda$static$4(Converters.java:79) ~[ApacheJMeter_core.jar:5.5]
	at org.apache.jmeter.report.dashboard.ReportGenerator.setProperty(ReportGenerator.java:553) ~[ApacheJMeter_core.jar:5.5]
	... 7 more
Caused by: java.lang.NumberFormatException: For input string: "${jmeter.reportgenerator.apdex_satisfied_threshold}"
	at java.lang.NumberFormatException.forInputString(NumberFormatException.java:65) ~[?:?]
	at java.lang.Long.parseLong(Long.java:678) ~[?:?]
	at java.lang.Long.valueOf(Long.java:1144) ~[?:?]
	at org.apache.jmeter.report.core.Converters.lambda$static$4(Converters.java:77) ~[ApacheJMeter_core.jar:5.5]
	at org.apache.jmeter.report.dashboard.ReportGenerator.setProperty(ReportGenerator.java:553) ~[ApacheJMeter_core.jar:5.5]
	... 7 more
